{"name": "Проверка отображения в Ленте заказов заказа из истории пользователя в ленте", "status": "broken", "statusDetails": {"message": "selenium.common.exceptions.TimeoutException: Message:", "trace": "self = <tests.test_list_order.TestListOrdersPage object at 0x7f7b87a737f0>, driver = <selenium.webdriver.firefox.webdriver.WebDriver (session=\"be473f79-e0e7-4ece-9803-e7a01e9ad812\")>, login_user = None\n\n    @allure.title('Проверка отображения в Ленте заказов заказа из истории пользователя в ленте')\n    @allure.description('Проверяем, что заказ, созданный авторизованным при помощи фикстуры пользователем, \\\n                        отражается в Истории заказов пользователя и в Ленте заказов')\n    def test_information_about_user_order_displays_in_list_orders_and_history_orders_successful(self, driver, login_user):\n        main_page = MainPage(driver)\n>       main_page.make_order()\n\ntests/test_list_order.py:36: \n_ _ _ _ _ _ _ _ _ _ _ _ _ _ _ _ _ _ _ _ _ _ _ _ _ _ _ _ _ _ _ _ _ _ _ _ _ _ _ _ _ _ _ _ _ _ _ _ _ _ _ _ _ _ _ _ _ _ _ _ _ _ _ _ _ _ _ _ _ _ _ _ _ _ _ _ _ _ _ _ _ _ _ _ _ _ _ _ _ _ _ _ _ _ _ _ _ _ _ _ _ _ _ _ _ _ _ _ _ \npages/main_page.py:89: in make_order\n    order_id = self.get_order_number_in_window_confirmation()\npages/main_page.py:69: in get_order_number_in_window_confirmation\n    self.wait_text_element_to_change(loc_main_page.NUMBER_OF_ORDER_IN_WINDOW_CONFIRMATION, '9999')\npages/base_page.py:95: in wait_text_element_to_change\n    return WebDriverWait(self.driver, 10).until_not(EC.text_to_be_present_in_element(test_locator, value))\n_ _ _ _ _ _ _ _ _ _ _ _ _ _ _ _ _ _ _ _ _ _ _ _ _ _ _ _ _ _ _ _ _ _ _ _ _ _ _ _ _ _ _ _ _ _ _ _ _ _ _ _ _ _ _ _ _ _ _ _ _ _ _ _ _ _ _ _ _ _ _ _ _ _ _ _ _ _ _ _ _ _ _ _ _ _ _ _ _ _ _ _ _ _ _ _ _ _ _ _ _ _ _ _ _ _ _ _ _ \n\nself = <selenium.webdriver.support.wait.WebDriverWait (session=\"be473f79-e0e7-4ece-9803-e7a01e9ad812\")>, method = <function text_to_be_present_in_element.<locals>._predicate at 0x7f7b87a927a0>, message = ''\n\n    def until_not(self, method: Callable[[D], T], message: str = \"\") -> Union[T, Literal[True]]:\n        \"\"\"Calls the method provided with the driver as an argument until the \\\n        return value evaluates to ``False``.\n    \n        :param method: callable(WebDriver)\n        :param message: optional message for :exc:`TimeoutException`\n        :returns: the result of the last call to `method`, or\n                  ``True`` if `method` has raised one of the ignored exceptions\n        :raises: :exc:`selenium.common.exceptions.TimeoutException` if timeout occurs\n        \"\"\"\n        end_time = time.monotonic() + self._timeout\n        while True:\n            try:\n                value = method(self._driver)\n                if not value:\n                    return value\n            except self._ignored_exceptions:\n                return True\n            time.sleep(self._poll)\n            if time.monotonic() > end_time:\n                break\n>       raise TimeoutException(message)\nE       selenium.common.exceptions.TimeoutException: Message:\n\n.venv/lib/python3.10/site-packages/selenium/webdriver/support/wait.py:128: TimeoutException"}, "description": "Проверяем, что заказ, созданный авторизованным при помощи фикстуры пользователем,                         отражается в Истории заказов пользователя и в Ленте заказов", "steps": [{"name": "Создать заказ на сайте через Конструктор", "status": "broken", "statusDetails": {"message": "selenium.common.exceptions.TimeoutException: Message: \n\n", "trace": "  File \"/home/zhanna/repo/Diplom/Diplom_3/.venv/lib/python3.10/site-packages/allure_commons/_allure.py\", line 192, in impl\n    return func(*a, **kw)\n  File \"/home/zhanna/repo/Diplom/Diplom_3/pages/main_page.py\", line 89, in make_order\n    order_id = self.get_order_number_in_window_confirmation()\n  File \"/home/zhanna/repo/Diplom/Diplom_3/.venv/lib/python3.10/site-packages/allure_commons/_allure.py\", line 192, in impl\n    return func(*a, **kw)\n  File \"/home/zhanna/repo/Diplom/Diplom_3/pages/main_page.py\", line 69, in get_order_number_in_window_confirmation\n    self.wait_text_element_to_change(loc_main_page.NUMBER_OF_ORDER_IN_WINDOW_CONFIRMATION, '9999')\n  File \"/home/zhanna/repo/Diplom/Diplom_3/.venv/lib/python3.10/site-packages/allure_commons/_allure.py\", line 192, in impl\n    return func(*a, **kw)\n  File \"/home/zhanna/repo/Diplom/Diplom_3/pages/base_page.py\", line 95, in wait_text_element_to_change\n    return WebDriverWait(self.driver, 10).until_not(EC.text_to_be_present_in_element(test_locator, value))\n  File \"/home/zhanna/repo/Diplom/Diplom_3/.venv/lib/python3.10/site-packages/selenium/webdriver/support/wait.py\", line 128, in until_not\n    raise TimeoutException(message)\n"}, "steps": [{"name": "Подождать появления элемента", "status": "passed", "parameters": [{"name": "test_locator", "value": "('xpath', \"//button[text()='Оформить заказ']\")"}], "start": 1720384244555, "stop": 1720384244577}, {"name": "Перетащить элемент", "status": "passed", "parameters": [{"name": "test_locator_one", "value": "('xpath', \".//img[@alt = 'Флюоресцентная булка R2-D3']\")"}, {"name": "test_locator_two", "value": "('xpath', \"//span[@class='constructor-element__text' and text()='Перетяните булочку сюда (низ)']\")"}], "start": 1720384244578, "stop": 1720384245121}, {"name": "Подождать появления элемента", "status": "passed", "parameters": [{"name": "test_locator", "value": "('xpath', \"//button[text()='Оформить заказ']\")"}], "start": 1720384245122, "stop": 1720384245129}, {"name": "Кликнуть по кнопке", "status": "passed", "parameters": [{"name": "test_locator", "value": "('xpath', \"//button[text()='Оформить заказ']\")"}], "start": 1720384245129, "stop": 1720384245398}, {"name": "Подождать появления элемента", "status": "passed", "parameters": [{"name": "test_locator", "value": "('xpath', '//section[contains(@class, \"Modal_modal_opened\")]/div[contains(@class, \"Modal_modal__container\")]')"}], "start": 1720384245398, "stop": 1720384255434}, {"name": "Получить номер в окне подтвеждения заказа", "status": "broken", "statusDetails": {"message": "selenium.common.exceptions.TimeoutException: Message: \n\n", "trace": "  File \"/home/zhanna/repo/Diplom/Diplom_3/.venv/lib/python3.10/site-packages/allure_commons/_allure.py\", line 192, in impl\n    return func(*a, **kw)\n  File \"/home/zhanna/repo/Diplom/Diplom_3/pages/main_page.py\", line 69, in get_order_number_in_window_confirmation\n    self.wait_text_element_to_change(loc_main_page.NUMBER_OF_ORDER_IN_WINDOW_CONFIRMATION, '9999')\n  File \"/home/zhanna/repo/Diplom/Diplom_3/.venv/lib/python3.10/site-packages/allure_commons/_allure.py\", line 192, in impl\n    return func(*a, **kw)\n  File \"/home/zhanna/repo/Diplom/Diplom_3/pages/base_page.py\", line 95, in wait_text_element_to_change\n    return WebDriverWait(self.driver, 10).until_not(EC.text_to_be_present_in_element(test_locator, value))\n  File \"/home/zhanna/repo/Diplom/Diplom_3/.venv/lib/python3.10/site-packages/selenium/webdriver/support/wait.py\", line 128, in until_not\n    raise TimeoutException(message)\n"}, "steps": [{"name": "Подождать изменение текста элемента", "status": "broken", "statusDetails": {"message": "selenium.common.exceptions.TimeoutException: Message: \n\n", "trace": "  File \"/home/zhanna/repo/Diplom/Diplom_3/.venv/lib/python3.10/site-packages/allure_commons/_allure.py\", line 192, in impl\n    return func(*a, **kw)\n  File \"/home/zhanna/repo/Diplom/Diplom_3/pages/base_page.py\", line 95, in wait_text_element_to_change\n    return WebDriverWait(self.driver, 10).until_not(EC.text_to_be_present_in_element(test_locator, value))\n  File \"/home/zhanna/repo/Diplom/Diplom_3/.venv/lib/python3.10/site-packages/selenium/webdriver/support/wait.py\", line 128, in until_not\n    raise TimeoutException(message)\n"}, "parameters": [{"name": "test_locator", "value": "('xpath', '//section[contains(@class, \"Modal_modal_opened\")]//h2')"}, {"name": "value", "value": "'9999'"}], "start": 1720384255434, "stop": 1720384265661}], "start": 1720384255434, "stop": 1720384265662}], "start": 1720384244554, "stop": 1720384265662}], "parameters": [{"name": "driver", "value": "'firefox'"}], "start": 1720384244554, "stop": 1720384265663, "uuid": "41ec8c98-a85f-4f47-8adb-dfed02af244e", "historyId": "ad5cc170fb100988be14e7875982a02d", "testCaseId": "407ed229d380373f33eba6ef073554be", "fullName": "tests.test_list_order.TestListOrdersPage#test_information_about_user_order_displays_in_list_orders_and_history_orders_successful", "labels": [{"name": "parentSuite", "value": "tests"}, {"name": "suite", "value": "test_list_order"}, {"name": "subSuite", "value": "TestListOrdersPage"}, {"name": "host", "value": "zhanna"}, {"name": "thread", "value": "498995-MainThread"}, {"name": "framework", "value": "pytest"}, {"name": "language", "value": "cpython3"}, {"name": "package", "value": "tests.test_list_order"}]}