{"name": "Проверка увеличения числа на счетчике общего количества выполненных заказов/в счетчике заказов за день", "status": "broken", "statusDetails": {"message": "selenium.common.exceptions.TimeoutException: Message:", "trace": "self = <tests.test_list_order.TestListOrdersPage object at 0x7f7b87a73c10>, driver = <selenium.webdriver.firefox.webdriver.WebDriver (session=\"31e959a5-0e9f-4492-b2cc-f5952a64d4b0\")>\ncounter = ('xpath', '//p[text()=\"Выполнено за сегодня:\"]/following-sibling::p[contains(@class,\"digits-large\")]'), login_user = None\n\n    @pytest.mark.parametrize('counter', [loc_list_order.COMPLETED_ORDERS_ALL_TIME, loc_list_order.COMPLETED_ORDERS_TODAY])\n    @allure.title('Проверка увеличения числа на счетчике общего количества выполненных заказов/в счетчике заказов за день')\n    @allure.description('Проверяем увеличение чисел на счетчиках: (1)общего количества заказов, (2)заказов за день \\\n                        при создании заказа авторизованным, при помощи фикстуры пользователем')\n    def test_changes_counter_for_all_time_quantity_of_orders_success(self, driver, counter, login_user):\n        list_order_page = ListOrdersPage(driver)\n        list_order_page.click_button_list_orders()\n        list_order_page.waiting_url_list_order()\n        list_order_page.wait_card_order_to_be_clicable()\n        counter_before_order = list_order_page.get_quantity_of_orders(counter)\n        main_page = MainPage(driver)\n        main_page.click_button_constructor()\n>       main_page.make_order()\n\ntests/test_list_order.py:60: \n_ _ _ _ _ _ _ _ _ _ _ _ _ _ _ _ _ _ _ _ _ _ _ _ _ _ _ _ _ _ _ _ _ _ _ _ _ _ _ _ _ _ _ _ _ _ _ _ _ _ _ _ _ _ _ _ _ _ _ _ _ _ _ _ _ _ _ _ _ _ _ _ _ _ _ _ _ _ _ _ _ _ _ _ _ _ _ _ _ _ _ _ _ _ _ _ _ _ _ _ _ _ _ _ _ _ _ _ _ \npages/main_page.py:89: in make_order\n    order_id = self.get_order_number_in_window_confirmation()\npages/main_page.py:69: in get_order_number_in_window_confirmation\n    self.wait_text_element_to_change(loc_main_page.NUMBER_OF_ORDER_IN_WINDOW_CONFIRMATION, '9999')\npages/base_page.py:95: in wait_text_element_to_change\n    return WebDriverWait(self.driver, 10).until_not(EC.text_to_be_present_in_element(test_locator, value))\n_ _ _ _ _ _ _ _ _ _ _ _ _ _ _ _ _ _ _ _ _ _ _ _ _ _ _ _ _ _ _ _ _ _ _ _ _ _ _ _ _ _ _ _ _ _ _ _ _ _ _ _ _ _ _ _ _ _ _ _ _ _ _ _ _ _ _ _ _ _ _ _ _ _ _ _ _ _ _ _ _ _ _ _ _ _ _ _ _ _ _ _ _ _ _ _ _ _ _ _ _ _ _ _ _ _ _ _ _ \n\nself = <selenium.webdriver.support.wait.WebDriverWait (session=\"31e959a5-0e9f-4492-b2cc-f5952a64d4b0\")>, method = <function text_to_be_present_in_element.<locals>._predicate at 0x7f7b882ec040>, message = ''\n\n    def until_not(self, method: Callable[[D], T], message: str = \"\") -> Union[T, Literal[True]]:\n        \"\"\"Calls the method provided with the driver as an argument until the \\\n        return value evaluates to ``False``.\n    \n        :param method: callable(WebDriver)\n        :param message: optional message for :exc:`TimeoutException`\n        :returns: the result of the last call to `method`, or\n                  ``True`` if `method` has raised one of the ignored exceptions\n        :raises: :exc:`selenium.common.exceptions.TimeoutException` if timeout occurs\n        \"\"\"\n        end_time = time.monotonic() + self._timeout\n        while True:\n            try:\n                value = method(self._driver)\n                if not value:\n                    return value\n            except self._ignored_exceptions:\n                return True\n            time.sleep(self._poll)\n            if time.monotonic() > end_time:\n                break\n>       raise TimeoutException(message)\nE       selenium.common.exceptions.TimeoutException: Message:\n\n.venv/lib/python3.10/site-packages/selenium/webdriver/support/wait.py:128: TimeoutException"}, "description": "Проверяем увеличение чисел на счетчиках: (1)общего количества заказов, (2)заказов за день                         при создании заказа авторизованным, при помощи фикстуры пользователем", "steps": [{"name": "Кликнуть на кнопку \"Лента заказов\"", "status": "passed", "steps": [{"name": "Подождать появления элемента", "status": "passed", "parameters": [{"name": "test_locator", "value": "('xpath', \".//p[contains(text(), 'Лента Заказов')]\")"}], "start": 1720384354055, "stop": 1720384354076}, {"name": "Кликнуть по кнопке", "status": "passed", "parameters": [{"name": "test_locator", "value": "('xpath', \".//p[contains(text(), 'Лента Заказов')]\")"}], "start": 1720384354077, "stop": 1720384354357}], "start": 1720384354055, "stop": 1720384354357}, {"name": "Подождать появления \"/feed\" в url страницы", "status": "passed", "steps": [{"name": "Подождать появления в URL подстроки", "status": "passed", "parameters": [{"name": "substring", "value": "'/feed'"}], "start": 1720384354357, "stop": 1720384354358}], "start": 1720384354357, "stop": 1720384354358}, {"name": "Подождать, пока карточка заказа будет кликабельна", "status": "passed", "steps": [{"name": "Подождать когда элемент будет кликабелен", "status": "passed", "parameters": [{"name": "test_locator", "value": "('xpath', '//*[contains(@class, \"OrderHistory_link\")]')"}], "start": 1720384354359, "stop": 1720384364394}], "start": 1720384354359, "stop": 1720384364394}, {"name": "Получить количество заказов, выполненных за все время", "status": "passed", "steps": [{"name": "Подождать появления элемента", "status": "passed", "parameters": [{"name": "test_locator", "value": "('xpath', '//p[text()=\"Выполнено за сегодня:\"]/following-sibling::p[contains(@class,\"digits-large\")]')"}], "start": 1720384364394, "stop": 1720384364405}, {"name": "Получить текст элемента", "status": "passed", "parameters": [{"name": "test_locator", "value": "('xpath', '//p[text()=\"Выполнено за сегодня:\"]/following-sibling::p[contains(@class,\"digits-large\")]')"}], "start": 1720384364405, "stop": 1720384364415}], "parameters": [{"name": "counter", "value": "('xpath', '//p[text()=\"Выполнено за сегодня:\"]/following-sibling::p[contains(@class,\"digits-large\")]')"}], "start": 1720384364394, "stop": 1720384364415}, {"name": "Кликнуть на кнопку \"Конструктор\"", "status": "passed", "steps": [{"name": "Подождать появления элемента", "status": "passed", "parameters": [{"name": "test_locator", "value": "('xpath', \".//p[contains(text(), 'Конструктор')]\")"}], "start": 1720384364415, "stop": 1720384364422}, {"name": "Кликнуть на элемент", "status": "passed", "parameters": [{"name": "test_locator", "value": "('xpath', \".//p[contains(text(), 'Конструктор')]\")"}], "start": 1720384364423, "stop": 1720384364656}], "start": 1720384364415, "stop": 1720384364656}, {"name": "Создать заказ на сайте через Конструктор", "status": "broken", "statusDetails": {"message": "selenium.common.exceptions.TimeoutException: Message: \n\n", "trace": "  File \"/home/zhanna/repo/Diplom/Diplom_3/.venv/lib/python3.10/site-packages/allure_commons/_allure.py\", line 192, in impl\n    return func(*a, **kw)\n  File \"/home/zhanna/repo/Diplom/Diplom_3/pages/main_page.py\", line 89, in make_order\n    order_id = self.get_order_number_in_window_confirmation()\n  File \"/home/zhanna/repo/Diplom/Diplom_3/.venv/lib/python3.10/site-packages/allure_commons/_allure.py\", line 192, in impl\n    return func(*a, **kw)\n  File \"/home/zhanna/repo/Diplom/Diplom_3/pages/main_page.py\", line 69, in get_order_number_in_window_confirmation\n    self.wait_text_element_to_change(loc_main_page.NUMBER_OF_ORDER_IN_WINDOW_CONFIRMATION, '9999')\n  File \"/home/zhanna/repo/Diplom/Diplom_3/.venv/lib/python3.10/site-packages/allure_commons/_allure.py\", line 192, in impl\n    return func(*a, **kw)\n  File \"/home/zhanna/repo/Diplom/Diplom_3/pages/base_page.py\", line 95, in wait_text_element_to_change\n    return WebDriverWait(self.driver, 10).until_not(EC.text_to_be_present_in_element(test_locator, value))\n  File \"/home/zhanna/repo/Diplom/Diplom_3/.venv/lib/python3.10/site-packages/selenium/webdriver/support/wait.py\", line 128, in until_not\n    raise TimeoutException(message)\n"}, "steps": [{"name": "Подождать появления элемента", "status": "passed", "parameters": [{"name": "test_locator", "value": "('xpath', \"//button[text()='Оформить заказ']\")"}], "start": 1720384364656, "stop": 1720384364676}, {"name": "Перетащить элемент", "status": "passed", "parameters": [{"name": "test_locator_one", "value": "('xpath', \".//img[@alt = 'Флюоресцентная булка R2-D3']\")"}, {"name": "test_locator_two", "value": "('xpath', \"//span[@class='constructor-element__text' and text()='Перетяните булочку сюда (низ)']\")"}], "start": 1720384364677, "stop": 1720384365199}, {"name": "Подождать появления элемента", "status": "passed", "parameters": [{"name": "test_locator", "value": "('xpath', \"//button[text()='Оформить заказ']\")"}], "start": 1720384365199, "stop": 1720384365211}, {"name": "Кликнуть по кнопке", "status": "passed", "parameters": [{"name": "test_locator", "value": "('xpath', \"//button[text()='Оформить заказ']\")"}], "start": 1720384365211, "stop": 1720384365493}, {"name": "Подождать появления элемента", "status": "passed", "parameters": [{"name": "test_locator", "value": "('xpath', '//section[contains(@class, \"Modal_modal_opened\")]/div[contains(@class, \"Modal_modal__container\")]')"}], "start": 1720384365493, "stop": 1720384375524}, {"name": "Получить номер в окне подтвеждения заказа", "status": "broken", "statusDetails": {"message": "selenium.common.exceptions.TimeoutException: Message: \n\n", "trace": "  File \"/home/zhanna/repo/Diplom/Diplom_3/.venv/lib/python3.10/site-packages/allure_commons/_allure.py\", line 192, in impl\n    return func(*a, **kw)\n  File \"/home/zhanna/repo/Diplom/Diplom_3/pages/main_page.py\", line 69, in get_order_number_in_window_confirmation\n    self.wait_text_element_to_change(loc_main_page.NUMBER_OF_ORDER_IN_WINDOW_CONFIRMATION, '9999')\n  File \"/home/zhanna/repo/Diplom/Diplom_3/.venv/lib/python3.10/site-packages/allure_commons/_allure.py\", line 192, in impl\n    return func(*a, **kw)\n  File \"/home/zhanna/repo/Diplom/Diplom_3/pages/base_page.py\", line 95, in wait_text_element_to_change\n    return WebDriverWait(self.driver, 10).until_not(EC.text_to_be_present_in_element(test_locator, value))\n  File \"/home/zhanna/repo/Diplom/Diplom_3/.venv/lib/python3.10/site-packages/selenium/webdriver/support/wait.py\", line 128, in until_not\n    raise TimeoutException(message)\n"}, "steps": [{"name": "Подождать изменение текста элемента", "status": "broken", "statusDetails": {"message": "selenium.common.exceptions.TimeoutException: Message: \n\n", "trace": "  File \"/home/zhanna/repo/Diplom/Diplom_3/.venv/lib/python3.10/site-packages/allure_commons/_allure.py\", line 192, in impl\n    return func(*a, **kw)\n  File \"/home/zhanna/repo/Diplom/Diplom_3/pages/base_page.py\", line 95, in wait_text_element_to_change\n    return WebDriverWait(self.driver, 10).until_not(EC.text_to_be_present_in_element(test_locator, value))\n  File \"/home/zhanna/repo/Diplom/Diplom_3/.venv/lib/python3.10/site-packages/selenium/webdriver/support/wait.py\", line 128, in until_not\n    raise TimeoutException(message)\n"}, "parameters": [{"name": "test_locator", "value": "('xpath', '//section[contains(@class, \"Modal_modal_opened\")]//h2')"}, {"name": "value", "value": "'9999'"}], "start": 1720384375525, "stop": 1720384385820}], "start": 1720384375525, "stop": 1720384385820}], "start": 1720384364656, "stop": 1720384385820}], "parameters": [{"name": "driver", "value": "'firefox'"}, {"name": "counter", "value": "('xpath', '//p[text()=\"Выполнено за сегодня:\"]/following-sibling::p[contains(@class,\"digits-large\")]')"}], "start": 1720384354054, "stop": 1720384385820, "uuid": "3eee7634-b2da-4230-bb10-430e52e58598", "historyId": "945c6c03b8a94ae2ae3447acf2cffe98", "testCaseId": "7307906c91fce59d2d8892dc27a057e4", "fullName": "tests.test_list_order.TestListOrdersPage#test_changes_counter_for_all_time_quantity_of_orders_success", "labels": [{"name": "parentSuite", "value": "tests"}, {"name": "suite", "value": "test_list_order"}, {"name": "subSuite", "value": "TestListOrdersPage"}, {"name": "host", "value": "zhanna"}, {"name": "thread", "value": "498995-MainThread"}, {"name": "framework", "value": "pytest"}, {"name": "language", "value": "cpython3"}, {"name": "package", "value": "tests.test_list_order"}]}