{"name": "Проверка появления нового заказа в разделе \"В работе\"", "status": "broken", "statusDetails": {"message": "selenium.common.exceptions.TimeoutException: Message:", "trace": "self = <tests.test_list_order.TestListOrdersPage object at 0x7f7b87ab0070>, driver = <selenium.webdriver.firefox.webdriver.WebDriver (session=\"146df109-f0af-4db1-8b52-db95fb846aa6\")>, login_user = None\n\n    @allure.title('Проверка появления нового заказа в разделе \"В работе\"')\n    @allure.description('Проверяем, что созданный авторизованным при помощи фикстуры пользователем заказа, \\\n                        отображается в разделе \"В работе\" Ленты заказов')\n    def test_new_order_is_displayed_in_progress_successful(self, driver, login_user):\n        main_page = MainPage(driver)\n        list_order_page = ListOrdersPage(driver)\n>       order_id = main_page.make_order()\n\ntests/test_list_order.py:73: \n_ _ _ _ _ _ _ _ _ _ _ _ _ _ _ _ _ _ _ _ _ _ _ _ _ _ _ _ _ _ _ _ _ _ _ _ _ _ _ _ _ _ _ _ _ _ _ _ _ _ _ _ _ _ _ _ _ _ _ _ _ _ _ _ _ _ _ _ _ _ _ _ _ _ _ _ _ _ _ _ _ _ _ _ _ _ _ _ _ _ _ _ _ _ _ _ _ _ _ _ _ _ _ _ _ _ _ _ _ \npages/main_page.py:89: in make_order\n    order_id = self.get_order_number_in_window_confirmation()\npages/main_page.py:69: in get_order_number_in_window_confirmation\n    self.wait_text_element_to_change(loc_main_page.NUMBER_OF_ORDER_IN_WINDOW_CONFIRMATION, '9999')\npages/base_page.py:95: in wait_text_element_to_change\n    return WebDriverWait(self.driver, 10).until_not(EC.text_to_be_present_in_element(test_locator, value))\n_ _ _ _ _ _ _ _ _ _ _ _ _ _ _ _ _ _ _ _ _ _ _ _ _ _ _ _ _ _ _ _ _ _ _ _ _ _ _ _ _ _ _ _ _ _ _ _ _ _ _ _ _ _ _ _ _ _ _ _ _ _ _ _ _ _ _ _ _ _ _ _ _ _ _ _ _ _ _ _ _ _ _ _ _ _ _ _ _ _ _ _ _ _ _ _ _ _ _ _ _ _ _ _ _ _ _ _ _ \n\nself = <selenium.webdriver.support.wait.WebDriverWait (session=\"146df109-f0af-4db1-8b52-db95fb846aa6\")>, method = <function text_to_be_present_in_element.<locals>._predicate at 0x7f7b882d0ca0>, message = ''\n\n    def until_not(self, method: Callable[[D], T], message: str = \"\") -> Union[T, Literal[True]]:\n        \"\"\"Calls the method provided with the driver as an argument until the \\\n        return value evaluates to ``False``.\n    \n        :param method: callable(WebDriver)\n        :param message: optional message for :exc:`TimeoutException`\n        :returns: the result of the last call to `method`, or\n                  ``True`` if `method` has raised one of the ignored exceptions\n        :raises: :exc:`selenium.common.exceptions.TimeoutException` if timeout occurs\n        \"\"\"\n        end_time = time.monotonic() + self._timeout\n        while True:\n            try:\n                value = method(self._driver)\n                if not value:\n                    return value\n            except self._ignored_exceptions:\n                return True\n            time.sleep(self._poll)\n            if time.monotonic() > end_time:\n                break\n>       raise TimeoutException(message)\nE       selenium.common.exceptions.TimeoutException: Message:\n\n.venv/lib/python3.10/site-packages/selenium/webdriver/support/wait.py:128: TimeoutException"}, "description": "Проверяем, что созданный авторизованным при помощи фикстуры пользователем заказа,                         отображается в разделе \"В работе\" Ленты заказов", "steps": [{"name": "Создать заказ на сайте через Конструктор", "status": "broken", "statusDetails": {"message": "selenium.common.exceptions.TimeoutException: Message: \n\n", "trace": "  File \"/home/zhanna/repo/Diplom/Diplom_3/.venv/lib/python3.10/site-packages/allure_commons/_allure.py\", line 192, in impl\n    return func(*a, **kw)\n  File \"/home/zhanna/repo/Diplom/Diplom_3/pages/main_page.py\", line 89, in make_order\n    order_id = self.get_order_number_in_window_confirmation()\n  File \"/home/zhanna/repo/Diplom/Diplom_3/.venv/lib/python3.10/site-packages/allure_commons/_allure.py\", line 192, in impl\n    return func(*a, **kw)\n  File \"/home/zhanna/repo/Diplom/Diplom_3/pages/main_page.py\", line 69, in get_order_number_in_window_confirmation\n    self.wait_text_element_to_change(loc_main_page.NUMBER_OF_ORDER_IN_WINDOW_CONFIRMATION, '9999')\n  File \"/home/zhanna/repo/Diplom/Diplom_3/.venv/lib/python3.10/site-packages/allure_commons/_allure.py\", line 192, in impl\n    return func(*a, **kw)\n  File \"/home/zhanna/repo/Diplom/Diplom_3/pages/base_page.py\", line 95, in wait_text_element_to_change\n    return WebDriverWait(self.driver, 10).until_not(EC.text_to_be_present_in_element(test_locator, value))\n  File \"/home/zhanna/repo/Diplom/Diplom_3/.venv/lib/python3.10/site-packages/selenium/webdriver/support/wait.py\", line 128, in until_not\n    raise TimeoutException(message)\n"}, "steps": [{"name": "Подождать появления элемента", "status": "passed", "parameters": [{"name": "test_locator", "value": "('xpath', \"//button[text()='Оформить заказ']\")"}], "start": 1720384461425, "stop": 1720384461440}, {"name": "Перетащить элемент", "status": "passed", "parameters": [{"name": "test_locator_one", "value": "('xpath', \".//img[@alt = 'Флюоресцентная булка R2-D3']\")"}, {"name": "test_locator_two", "value": "('xpath', \"//span[@class='constructor-element__text' and text()='Перетяните булочку сюда (низ)']\")"}], "start": 1720384461440, "stop": 1720384461959}, {"name": "Подождать появления элемента", "status": "passed", "parameters": [{"name": "test_locator", "value": "('xpath', \"//button[text()='Оформить заказ']\")"}], "start": 1720384461959, "stop": 1720384461977}, {"name": "Кликнуть по кнопке", "status": "passed", "parameters": [{"name": "test_locator", "value": "('xpath', \"//button[text()='Оформить заказ']\")"}], "start": 1720384461977, "stop": 1720384462258}, {"name": "Подождать появления элемента", "status": "passed", "parameters": [{"name": "test_locator", "value": "('xpath', '//section[contains(@class, \"Modal_modal_opened\")]/div[contains(@class, \"Modal_modal__container\")]')"}], "start": 1720384462259, "stop": 1720384472330}, {"name": "Получить номер в окне подтвеждения заказа", "status": "broken", "statusDetails": {"message": "selenium.common.exceptions.TimeoutException: Message: \n\n", "trace": "  File \"/home/zhanna/repo/Diplom/Diplom_3/.venv/lib/python3.10/site-packages/allure_commons/_allure.py\", line 192, in impl\n    return func(*a, **kw)\n  File \"/home/zhanna/repo/Diplom/Diplom_3/pages/main_page.py\", line 69, in get_order_number_in_window_confirmation\n    self.wait_text_element_to_change(loc_main_page.NUMBER_OF_ORDER_IN_WINDOW_CONFIRMATION, '9999')\n  File \"/home/zhanna/repo/Diplom/Diplom_3/.venv/lib/python3.10/site-packages/allure_commons/_allure.py\", line 192, in impl\n    return func(*a, **kw)\n  File \"/home/zhanna/repo/Diplom/Diplom_3/pages/base_page.py\", line 95, in wait_text_element_to_change\n    return WebDriverWait(self.driver, 10).until_not(EC.text_to_be_present_in_element(test_locator, value))\n  File \"/home/zhanna/repo/Diplom/Diplom_3/.venv/lib/python3.10/site-packages/selenium/webdriver/support/wait.py\", line 128, in until_not\n    raise TimeoutException(message)\n"}, "steps": [{"name": "Подождать изменение текста элемента", "status": "broken", "statusDetails": {"message": "selenium.common.exceptions.TimeoutException: Message: \n\n", "trace": "  File \"/home/zhanna/repo/Diplom/Diplom_3/.venv/lib/python3.10/site-packages/allure_commons/_allure.py\", line 192, in impl\n    return func(*a, **kw)\n  File \"/home/zhanna/repo/Diplom/Diplom_3/pages/base_page.py\", line 95, in wait_text_element_to_change\n    return WebDriverWait(self.driver, 10).until_not(EC.text_to_be_present_in_element(test_locator, value))\n  File \"/home/zhanna/repo/Diplom/Diplom_3/.venv/lib/python3.10/site-packages/selenium/webdriver/support/wait.py\", line 128, in until_not\n    raise TimeoutException(message)\n"}, "parameters": [{"name": "test_locator", "value": "('xpath', '//section[contains(@class, \"Modal_modal_opened\")]//h2')"}, {"name": "value", "value": "'9999'"}], "start": 1720384472331, "stop": 1720384482664}], "start": 1720384472331, "stop": 1720384482664}], "start": 1720384461425, "stop": 1720384482664}], "parameters": [{"name": "driver", "value": "'firefox'"}], "start": 1720384461425, "stop": 1720384482665, "uuid": "0ad7d8b8-5146-4276-aa69-bd40d2b38db5", "historyId": "15b64eb2f62e81f4151356920ea54b5e", "testCaseId": "e78f34a07b4e4ee9171c566f76f650fe", "fullName": "tests.test_list_order.TestListOrdersPage#test_new_order_is_displayed_in_progress_successful", "labels": [{"name": "parentSuite", "value": "tests"}, {"name": "suite", "value": "test_list_order"}, {"name": "subSuite", "value": "TestListOrdersPage"}, {"name": "host", "value": "zhanna"}, {"name": "thread", "value": "498995-MainThread"}, {"name": "framework", "value": "pytest"}, {"name": "language", "value": "cpython3"}, {"name": "package", "value": "tests.test_list_order"}]}